ThirdLoginShare-dkq-Master/build/outputs/logs/manifest-merger-debug-report.txt
-- Merging decision tree log ---
manifest
ADDED from src/main/AndroidManifest.xml:2:1-32:12
INJECTED from src/main/AndroidManifest.xml:2:1-32:12
INJECTED from src/main/AndroidManifest.xml:2:1-32:12
INJECTED from src/main/AndroidManifest.xml:2:1-32:12
MERGED from [com.android.support:design:27.1.1] AndroidManifest.xml:17:1-22:12
MERGED from [com.carozhu:ThirdLoginShareComponent:1.1.0] AndroidManifest.xml:2:1-91:12
MERGED from [com.android.support:appcompat-v7:27.1.1] AndroidManifest.xml:17:1-22:12
MERGED from [com.android.support.constraint:constraint-layout:1.1.3] AndroidManifest.xml:2:1-11:12
MERGED from [com.android.support:palette-v7:27.1.1] AndroidManifest.xml:17:1-22:12
MERGED from [com.android.support:cardview-v7:27.1.1] AndroidManifest.xml:17:1-22:12
MERGED from [com.jakewharton:butterknife:8.8.1] AndroidManifest.xml:2:1-7:12
MERGED from [com.android.support:support-v4:27.1.1] AndroidManifest.xml:17:1-22:12
MERGED from [com.android.support:support-fragment:27.1.1] AndroidManifest.xml:17:1-22:12
MERGED from [com.android.support:animated-vector-drawable:27.1.1] AndroidManifest.xml:17:1-22:12
MERGED from [com.android.support:recyclerview-v7:27.1.1] AndroidManifest.xml:17:1-22:12
MERGED from [com.android.support:support-core-ui:27.1.1] AndroidManifest.xml:17:1-22:12
MERGED from [com.android.support:support-core-utils:27.1.1] AndroidManifest.xml:17:1-22:12
MERGED from [com.android.support:support-vector-drawable:27.1.1] AndroidManifest.xml:17:1-22:12
MERGED from [com.android.support:transition:27.1.1] AndroidManifest.xml:17:1-22:12
MERGED from [com.android.support:support-media-compat:27.1.1] AndroidManifest.xml:17:1-22:12
MERGED from [com.android.support:support-compat:27.1.1] AndroidManifest.xml:17:1-22:12
MERGED from [android.arch.lifecycle:livedata-core:1.1.0] AndroidManifest.xml:17:1-22:12
MERGED from [android.arch.lifecycle:viewmodel:1.1.0] AndroidManifest.xml:17:1-22:12
MERGED from [android.arch.lifecycle:runtime:1.1.0] AndroidManifest.xml:17:1-22:12
MERGED from [android.arch.core:runtime:1.1.0] AndroidManifest.xml:17:1-22:12
INJECTED from src/main/AndroidManifest.xml:2:1-32:12
INJECTED from src/main/AndroidManifest.xml:2:1-32:12
INJECTED from src/main/AndroidManifest.xml:2:1-32:12
	package
		ADDED from src/main/AndroidManifest.xml:3:5-36
		INJECTED from src/main/AndroidManifest.xml
		INJECTED from src/main/AndroidManifest.xml
	android:versionName
		INJECTED from src/main/AndroidManifest.xml
		ADDED from src/main/AndroidManifest.xml:2:1-32:12
		INJECTED from src/main/AndroidManifest.xml
	android:versionCode
		INJECTED from src/main/AndroidManifest.xml
		ADDED from src/main/AndroidManifest.xml:2:1-32:12
		INJECTED from src/main/AndroidManifest.xml
	xmlns:android
		ADDED from src/main/AndroidManifest.xml:2:11-69
uses-permission#android.permission.INTERNET
ADDED from src/main/AndroidManifest.xml:5:5-67
MERGED from [com.carozhu:ThirdLoginShareComponent:1.1.0] AndroidManifest.xml:13:5-67
MERGED from [com.carozhu:ThirdLoginShareComponent:1.1.0] AndroidManifest.xml:13:5-67
	android:name
		ADDED from src/main/AndroidManifest.xml:5:22-64
uses-permission#android.permission.ACCESS_NETWORK_STATE
ADDED from src/main/AndroidManifest.xml:6:5-79
MERGED from [com.carozhu:ThirdLoginShareComponent:1.1.0] AndroidManifest.xml:14:5-79
MERGED from [com.carozhu:ThirdLoginShareComponent:1.1.0] AndroidManifest.xml:14:5-79
	android:name
		ADDED from src/main/AndroidManifest.xml:6:22-76
uses-permission#android.permission.ACCESS_WIFI_STATE
ADDED from src/main/AndroidManifest.xml:7:5-76
MERGED from [com.carozhu:ThirdLoginShareComponent:1.1.0] AndroidManifest.xml:15:5-76
MERGED from [com.carozhu:ThirdLoginShareComponent:1.1.0] AndroidManifest.xml:15:5-76
	android:name
		ADDED from src/main/AndroidManifest.xml:7:22-73
uses-permission#android.permission.READ_PHONE_STATE
ADDED from src/main/AndroidManifest.xml:8:5-75
MERGED from [com.carozhu:ThirdLoginShareComponent:1.1.0] AndroidManifest.xml:16:5-75
MERGED from [com.carozhu:ThirdLoginShareComponent:1.1.0] AndroidManifest.xml:16:5-75
	android:name
		ADDED from src/main/AndroidManifest.xml:8:22-72
uses-permission#android.permission.WRITE_EXTERNAL_STORAGE
ADDED from src/main/AndroidManifest.xml:9:5-81
	android:name
		ADDED from src/main/AndroidManifest.xml:9:22-78
application
ADDED from src/main/AndroidManifest.xml:11:5-30:19
MERGED from [com.carozhu:ThirdLoginShareComponent:1.1.0] AndroidManifest.xml:18:5-89:19
MERGED from [com.carozhu:ThirdLoginShareComponent:1.1.0] AndroidManifest.xml:18:5-89:19
MERGED from [com.android.support.constraint:constraint-layout:1.1.3] AndroidManifest.xml:9:5-20
MERGED from [com.android.support.constraint:constraint-layout:1.1.3] AndroidManifest.xml:9:5-20
	android:supportsRtl
		ADDED from src/main/AndroidManifest.xml:16:9-35
	android:label
		ADDED from src/main/AndroidManifest.xml:14:9-41
	android:roundIcon
		ADDED from src/main/AndroidManifest.xml:15:9-54
	android:icon
		ADDED from src/main/AndroidManifest.xml:13:9-43
	android:allowBackup
		ADDED from src/main/AndroidManifest.xml:12:9-35
	android:theme
		ADDED from src/main/AndroidManifest.xml:17:9-44
activity#com.zsyj.habitcheckin.MainActivity
ADDED from src/main/AndroidManifest.xml:19:9-25:20
	android:name
		ADDED from src/main/AndroidManifest.xml:19:19-47
intent-filter#action:name:android.intent.action.MAIN+category:name:android.intent.category.LAUNCHER
ADDED from src/main/AndroidManifest.xml:20:13-24:29
action#android.intent.action.MAIN
ADDED from src/main/AndroidManifest.xml:21:17-69
	android:name
		ADDED from src/main/AndroidManifest.xml:21:25-66
category#android.intent.category.LAUNCHER
ADDED from src/main/AndroidManifest.xml:23:17-77
	android:name
		ADDED from src/main/AndroidManifest.xml:23:27-74
activity#com.zsyj.habitcheckin.WeixinQQLoginSimpleActivity
ADDED from src/main/AndroidManifest.xml:27:9-64
	android:name
		ADDED from src/main/AndroidManifest.xml:27:19-62
activity#com.zsyj.habitcheckin.WeixinQQShareSimpleActivity
ADDED from src/main/AndroidManifest.xml:28:9-64
	android:name
		ADDED from src/main/AndroidManifest.xml:28:19-62
activity#com.zsyj.habitcheckin.WeixinPaySimpleActivity
ADDED from src/main/AndroidManifest.xml:29:9-61
	android:name
		ADDED from src/main/AndroidManifest.xml:29:19-58
uses-sdk
INJECTED from src/main/AndroidManifest.xml reason: use-sdk injection requested
INJECTED from src/main/AndroidManifest.xml
INJECTED from src/main/AndroidManifest.xml
MERGED from [com.android.support:design:27.1.1] AndroidManifest.xml:20:5-44
MERGED from [com.android.support:design:27.1.1] AndroidManifest.xml:20:5-44
MERGED from [com.carozhu:ThirdLoginShareComponent:1.1.0] AndroidManifest.xml:8:5-10:41
MERGED from [com.carozhu:ThirdLoginShareComponent:1.1.0] AndroidManifest.xml:8:5-10:41
MERGED from [com.android.support:appcompat-v7:27.1.1] AndroidManifest.xml:20:5-44
MERGED from [com.android.support:appcompat-v7:27.1.1] AndroidManifest.xml:20:5-44
MERGED from [com.android.support.constraint:constraint-layout:1.1.3] AndroidManifest.xml:5:5-7:41
MERGED from [com.android.support.constraint:constraint-layout:1.1.3] AndroidManifest.xml:5:5-7:41
MERGED from [com.android.support:palette-v7:27.1.1] AndroidManifest.xml:20:5-44
MERGED from [com.android.support:palette-v7:27.1.1] AndroidManifest.xml:20:5-44
MERGED from [com.android.support:cardview-v7:27.1.1] AndroidManifest.xml:20:5-44
MERGED from [com.android.support:cardview-v7:27.1.1] AndroidManifest.xml:20:5-44
MERGED from [com.jakewharton:butterknife:8.8.1] AndroidManifest.xml:5:5-43
MERGED from [com.jakewharton:butterknife:8.8.1] AndroidManifest.xml:5:5-43
MERGED from [com.android.support:support-v4:27.1.1] AndroidManifest.xml:20:5-44
MERGED from [com.android.support:support-v4:27.1.1] AndroidManifest.xml:20:5-44
MERGED from [com.android.support:support-fragment:27.1.1] AndroidManifest.xml:20:5-44
MERGED from [com.android.support:support-fragment:27.1.1] AndroidManifest.xml:20:5-44
MERGED from [com.android.support:animated-vector-drawable:27.1.1] AndroidManifest.xml:20:5-44
MERGED from [com.android.support:animated-vector-drawable:27.1.1] AndroidManifest.xml:20:5-44
MERGED from [com.android.support:recyclerview-v7:27.1.1] AndroidManifest.xml:20:5-44
MERGED from [com.android.support:recyclerview-v7:27.1.1] AndroidManifest.xml:20:5-44
MERGED from [com.android.support:support-core-ui:27.1.1] AndroidManifest.xml:20:5-44
MERGED from [com.android.support:support-core-ui:27.1.1] AndroidManifest.xml:20:5-44
MERGED from [com.android.support:support-core-utils:27.1.1] AndroidManifest.xml:20:5-44
MERGED from [com.android.support:support-core-utils:27.1.1] AndroidManifest.xml:20:5-44
MERGED from [com.android.support:support-vector-drawable:27.1.1] AndroidManifest.xml:20:5-44
MERGED from [com.android.support:support-vector-drawable:27.1.1] AndroidManifest.xml:20:5-44
MERGED from [com.android.support:transition:27.1.1] AndroidManifest.xml:20:5-44
MERGED from [com.android.support:transition:27.1.1] AndroidManifest.xml:20:5-44
MERGED from [com.android.support:support-media-compat:27.1.1] AndroidManifest.xml:20:5-44
MERGED from [com.android.support:support-media-compat:27.1.1] AndroidManifest.xml:20:5-44
MERGED from [com.android.support:support-compat:27.1.1] AndroidManifest.xml:20:5-44
MERGED from [com.android.support:support-compat:27.1.1] AndroidManifest.xml:20:5-44
MERGED from [android.arch.lifecycle:livedata-core:1.1.0] AndroidManifest.xml:20:5-44
MERGED from [android.arch.lifecycle:livedata-core:1.1.0] AndroidManifest.xml:20:5-44
MERGED from [android.arch.lifecycle:viewmodel:1.1.0] AndroidManifest.xml:20:5-44
MERGED from [android.arch.lifecycle:viewmodel:1.1.0] AndroidManifest.xml:20:5-44
MERGED from [android.arch.lifecycle:runtime:1.1.0] AndroidManifest.xml:20:5-44
MERGED from [android.arch.lifecycle:runtime:1.1.0] AndroidManifest.xml:20:5-44
MERGED from [android.arch.core:runtime:1.1.0] AndroidManifest.xml:20:5-44
MERGED from [android.arch.core:runtime:1.1.0] AndroidManifest.xml:20:5-44
INJECTED from src/main/AndroidManifest.xml
INJECTED from src/main/AndroidManifest.xml
	android:targetSdkVersion
		INJECTED from src/main/AndroidManifest.xml
		ADDED from src/main/AndroidManifest.xml
		INJECTED from src/main/AndroidManifest.xml
	android:minSdkVersion
		INJECTED from src/main/AndroidManifest.xml
		ADDED from src/main/AndroidManifest.xml
		INJECTED from src/main/AndroidManifest.xml
meta-data#QQ_APPKEY
ADDED from [com.carozhu:ThirdLoginShareComponent:1.1.0] AndroidManifest.xml:22:9-24:48
	android:value
		ADDED from [com.carozhu:ThirdLoginShareComponent:1.1.0] AndroidManifest.xml:24:13-45
	android:name
		ADDED from [com.carozhu:ThirdLoginShareComponent:1.1.0] AndroidManifest.xml:23:13-37
activity#com.caro.thirdloginshare.QQ.QQLoginActivity
ADDED from [com.carozhu:ThirdLoginShareComponent:1.1.0] AndroidManifest.xml:26:9-31:75
	android:launchMode
		ADDED from [com.carozhu:ThirdLoginShareComponent:1.1.0] AndroidManifest.xml:30:13-44
	android:exported
		ADDED from [com.carozhu:ThirdLoginShareComponent:1.1.0] AndroidManifest.xml:29:13-36
	android:configChanges
		ADDED from [com.carozhu:ThirdLoginShareComponent:1.1.0] AndroidManifest.xml:28:13-74
	android:theme
		ADDED from [com.carozhu:ThirdLoginShareComponent:1.1.0] AndroidManifest.xml:31:13-72
	android:name
		ADDED from [com.carozhu:ThirdLoginShareComponent:1.1.0] AndroidManifest.xml:27:13-71
activity#com.tencent.tauth.AuthActivity
ADDED from [com.carozhu:ThirdLoginShareComponent:1.1.0] AndroidManifest.xml:34:9-47:20
	android:launchMode
		ADDED from [com.carozhu:ThirdLoginShareComponent:1.1.0] AndroidManifest.xml:36:13-44
	android:noHistory
		ADDED from [com.carozhu:ThirdLoginShareComponent:1.1.0] AndroidManifest.xml:37:13-37
	android:name
		ADDED from [com.carozhu:ThirdLoginShareComponent:1.1.0] AndroidManifest.xml:35:13-58
intent-filter#action:name:android.intent.action.VIEW+category:name:android.intent.category.BROWSABLE+category:name:android.intent.category.DEFAULT+data:scheme:tencentYOUR QQ APP_ID
ADDED from [com.carozhu:ThirdLoginShareComponent:1.1.0] AndroidManifest.xml:38:13-46:29
action#android.intent.action.VIEW
ADDED from [com.carozhu:ThirdLoginShareComponent:1.1.0] AndroidManifest.xml:39:17-69
	android:name
		ADDED from [com.carozhu:ThirdLoginShareComponent:1.1.0] AndroidManifest.xml:39:25-66
category#android.intent.category.DEFAULT
ADDED from [com.carozhu:ThirdLoginShareComponent:1.1.0] AndroidManifest.xml:41:17-76
	android:name
		ADDED from [com.carozhu:ThirdLoginShareComponent:1.1.0] AndroidManifest.xml:41:27-73
category#android.intent.category.BROWSABLE
ADDED from [com.carozhu:ThirdLoginShareComponent:1.1.0] AndroidManifest.xml:42:17-78
	android:name
		ADDED from [com.carozhu:ThirdLoginShareComponent:1.1.0] AndroidManifest.xml:42:27-75
data
ADDED from [com.carozhu:ThirdLoginShareComponent:1.1.0] AndroidManifest.xml:44:17-64
	android:scheme
		ADDED from [com.carozhu:ThirdLoginShareComponent:1.1.0] AndroidManifest.xml:44:23-61
activity#com.tencent.connect.common.AssistActivity
ADDED from [com.carozhu:ThirdLoginShareComponent:1.1.0] AndroidManifest.xml:48:9-52:75
	android:screenOrientation
		ADDED from [com.carozhu:ThirdLoginShareComponent:1.1.0] AndroidManifest.xml:51:13-47
	android:configChanges
		ADDED from [com.carozhu:ThirdLoginShareComponent:1.1.0] AndroidManifest.xml:50:13-74
	android:theme
		ADDED from [com.carozhu:ThirdLoginShareComponent:1.1.0] AndroidManifest.xml:52:13-72
	android:name
		ADDED from [com.carozhu:ThirdLoginShareComponent:1.1.0] AndroidManifest.xml:49:13-69
activity#${applicationId}.wxapi.WXEntryActivity
ADDED from [com.carozhu:ThirdLoginShareComponent:1.1.0] AndroidManifest.xml:57:9-62:55
	android:label
		ADDED from [com.carozhu:ThirdLoginShareComponent:1.1.0] AndroidManifest.xml:60:13-47
	android:windowSoftInputMode
		ADDED from [com.carozhu:ThirdLoginShareComponent:1.1.0] AndroidManifest.xml:62:13-52
	android:exported
		ADDED from [com.carozhu:ThirdLoginShareComponent:1.1.0] AndroidManifest.xml:59:13-36
	android:theme
		ADDED from [com.carozhu:ThirdLoginShareComponent:1.1.0] AndroidManifest.xml:61:13-50
	android:name
		ADDED from [com.carozhu:ThirdLoginShareComponent:1.1.0] AndroidManifest.xml:58:13-66
activity#com.zsyj.habitcheckin.wxapi.WXEntryActivity
ADDED from [com.carozhu:ThirdLoginShareComponent:1.1.0] AndroidManifest.xml:57:9-62:55
	android:label
		ADDED from [com.carozhu:ThirdLoginShareComponent:1.1.0] AndroidManifest.xml:60:13-47
	android:windowSoftInputMode
		ADDED from [com.carozhu:ThirdLoginShareComponent:1.1.0] AndroidManifest.xml:62:13-52
	android:exported
		ADDED from [com.carozhu:ThirdLoginShareComponent:1.1.0] AndroidManifest.xml:59:13-36
	android:theme
		ADDED from [com.carozhu:ThirdLoginShareComponent:1.1.0] AndroidManifest.xml:61:13-50
	android:name
		ADDED from [com.carozhu:ThirdLoginShareComponent:1.1.0] AndroidManifest.xml:58:13-66
activity#${applicationId}.wxapi.WXPayEntryActivity
ADDED from [com.carozhu:ThirdLoginShareComponent:1.1.0] AndroidManifest.xml:63:9-68:53
	android:launchMode
		ADDED from [com.carozhu:ThirdLoginShareComponent:1.1.0] AndroidManifest.xml:67:13-44
	android:exported
		ADDED from [com.carozhu:ThirdLoginShareComponent:1.1.0] AndroidManifest.xml:66:13-36
	android:configChanges
		ADDED from [com.carozhu:ThirdLoginShareComponent:1.1.0] AndroidManifest.xml:65:13-74
	android:theme
		ADDED from [com.carozhu:ThirdLoginShareComponent:1.1.0] AndroidManifest.xml:68:13-50
	android:name
		ADDED from [com.carozhu:ThirdLoginShareComponent:1.1.0] AndroidManifest.xml:64:13-69
activity#com.zsyj.habitcheckin.wxapi.WXPayEntryActivity
ADDED from [com.carozhu:ThirdLoginShareComponent:1.1.0] AndroidManifest.xml:63:9-68:53
	android:launchMode
		ADDED from [com.carozhu:ThirdLoginShareComponent:1.1.0] AndroidManifest.xml:67:13-44
	android:exported
		ADDED from [com.carozhu:ThirdLoginShareComponent:1.1.0] AndroidManifest.xml:66:13-36
	android:configChanges
		ADDED from [com.carozhu:ThirdLoginShareComponent:1.1.0] AndroidManifest.xml:65:13-74
	android:theme
		ADDED from [com.carozhu:ThirdLoginShareComponent:1.1.0] AndroidManifest.xml:68:13-50
	android:name
		ADDED from [com.carozhu:ThirdLoginShareComponent:1.1.0] AndroidManifest.xml:64:13-69